<?xml version="1.0" encoding="UTF-8"?>
<!-- Generated by org.testng.reporters.JUnitXMLReporter -->
<testsuite ignored="3" hostname="lenovo-PC" failures="0" tests="1" name="Default test" time="160.837" errors="0" timestamp="2024-07-19T11:17:29 IST">
  <testcase classname="Test.GoDaddyHomePageTest" name="verifyIfUserIsAbleToAccessMenu4" time="43.026"/>
  <testcase classname="Test.GoDaddyHomePageTest" name="verifyIfUserIsAbleToAccessMenu1" time="0.0">
    <ignored/>
  </testcase> <!-- verifyIfUserIsAbleToAccessMenu1 -->
  <testcase classname="Test.GoDaddyHomePageTest" name="verifyIfUserIsAbleToAccessMenu3" time="0.0">
    <ignored/>
  </testcase> <!-- verifyIfUserIsAbleToAccessMenu3 -->
  <testcase classname="Test.GoDaddyHomePageTest" name="verifyIfUserIsAbleToAccessMenu2" time="0.0">
    <ignored/>
  </testcase> <!-- verifyIfUserIsAbleToAccessMenu2 -->
</testsuite> <!-- Default test -->
